TN:
SF:models.js
FN:2,(anonymous_0)
FN:8,(anonymous_1)
FN:14,(anonymous_2)
FN:20,(anonymous_3)
FN:26,(anonymous_4)
FN:32,(anonymous_5)
FN:38,(anonymous_6)
FN:44,(anonymous_7)
FN:50,(anonymous_8)
FNF:9
FNH:5
FNDA:3,(anonymous_0)
FNDA:1,(anonymous_1)
FNDA:3,(anonymous_2)
FNDA:0,(anonymous_3)
FNDA:1,(anonymous_4)
FNDA:0,(anonymous_5)
FNDA:1,(anonymous_6)
FNDA:0,(anonymous_7)
FNDA:0,(anonymous_8)
DA:3,3
DA:4,2
DA:5,2
DA:6,2
DA:9,1
DA:15,3
DA:16,3
DA:17,3
DA:21,0
DA:27,1
DA:28,1
DA:29,1
DA:33,0
DA:39,1
DA:40,1
DA:41,1
DA:45,0
DA:51,0
DA:52,0
DA:58,1
LF:20
LH:15
BRDA:2,0,0,3
BRDA:3,1,0,1
BRDA:3,1,1,2
BRF:3
BRH:3
end_of_record
